5.1937 	WARNING 	We strongly recommend you activate the PTB sound engine in PsychoPy prefs as the preferred audio engine. Its timing is vastly superior. Your prefs are currently set to use ['sounddevice', 'PTB', 'pyo', 'pygame'] (in that order).
14.1402 	WARNING 	User requested fullscreen with size [1024  768], but screen is actually [1920, 1080]. Using actual size
15.9823 	EXP 	Created window1 = Window(allowGUI=True, allowStencil=False, autoLog=True, backendConf=UNKNOWN, bitsMode=UNKNOWN, blendMode='avg', bpc=(8, 8, 8), color=array([0, 0, 0]), colorSpace='rgb', depthBits=8, fullscr=<method-wrapper '__getattribute__' of attributeSetter object at 0x0000020A668FDEE0>, gamma=None, gammaErrorPolicy='raise', lms=UNKNOWN, monitor=<psychopy.monitors.calibTools.Monitor object at 0x0000020A66C00BB0>, multiSample=False, name='window1', numSamples=2, pos=(0, 0), screen=0, size=array([1920, 1080]), stencilBits=0, stereo=False, units='height', useFBO=True, useRetina=False, viewOri=0.0, viewPos=None, viewScale=None, waitBlanking=True, winType='pyglet')
15.9824 	EXP 	window1: mouseVisible = True
15.9827 	EXP 	window1: mouseVisible = False
15.9827 	EXP 	window1: Attempting to measure frame rate of screen (0) ...
15.9827 	EXP 	window1: recordFrameIntervals = False
16.1485 	EXP 	window1: recordFrameIntervals = True
16.3320 	EXP 	Screen (0) actual frame rate measured at 60.09Hz
16.3320 	EXP 	window1: recordFrameIntervals = False
19.1784 	EXP 	Created text = TextStim(__class__=<class 'psychopy.visual.text.TextStim'>, alignHoriz=method-wrapper(...), alignText='center', alignVert=method-wrapper(...), anchorHoriz='center', anchorVert='center', antialias=True, autoDraw=False, autoLog=True, bold=False, color=array([1, 1, 1]), colorSpace='rgb', contrast=1.0, depth=0.0, flipHoriz=False, flipVert=False, font='Open Sans', fontFiles=[], height=0.05, italic=False, languageStyle='LTR', name='text', opacity=1.0, ori=0.0, pos=array([0., 0.]), rgb=UNKNOWN, text=str(...), units='height', win=Window(...), wrapWidth=1)
20.0413 	EXP 	Created response = TextStim(__class__=<class 'psychopy.visual.text.TextStim'>, alignHoriz=method-wrapper(...), alignText='center', alignVert=method-wrapper(...), anchorHoriz='center', anchorVert='center', antialias=True, autoDraw=False, autoLog=True, bold=False, color=array([1, 1, 1]), colorSpace='rgb', contrast=1.0, depth=-2.0, flipHoriz=False, flipVert=False, font='Open Sans', fontFiles=[], height=0.05, italic=False, languageStyle='LTR', name='response', opacity=1.0, ori=0.0, pos=array([0., 0.]), rgb=UNKNOWN, text=str(...), units='height', win=Window(...), wrapWidth=1)
20.0514 	EXP 	Created thank = TextStim(__class__=<class 'psychopy.visual.text.TextStim'>, alignHoriz=method-wrapper(...), alignText='center', alignVert=method-wrapper(...), anchorHoriz='center', anchorVert='center', antialias=True, autoDraw=False, autoLog=True, bold=False, color=array([1, 1, 1]), colorSpace='rgb', contrast=1.0, depth=0.0, flipHoriz=False, flipVert=False, font='Open Sans', fontFiles=[], height=0.05, italic=False, languageStyle='LTR', name='thank', opacity=1.0, ori=0.0, pos=array([0., 0.]), rgb=UNKNOWN, text='Thank you for participating', units='height', win=Window(...), wrapWidth=1)
20.0605 	EXP 	text: autoDraw = True
21.6154 	WARNING 	Increasing number of minimum required reversals to the number of step sizes, (17).
22.6412 	EXP 	window1: recordFrameIntervals = False
22.6424 	DATA 	Keypress: space
22.6447 	EXP 	text: autoDraw = False
22.6448 	EXP 	window1: recordFrameIntervals = False
25.5807 	EXP 	response: autoDraw = True
26.8480 	EXP 	window1: recordFrameIntervals = False
26.8488 	DATA 	Keypress: s
26.8505 	EXP 	response: autoDraw = False
26.8507 	EXP 	window1: recordFrameIntervals = False
28.9320 	DATA 	Keypress: s
29.7968 	EXP 	response: autoDraw = True
39.3311 	EXP 	window1: recordFrameIntervals = False
39.3320 	DATA 	Keypress: s
39.3338 	EXP 	response: autoDraw = False
39.3339 	EXP 	window1: recordFrameIntervals = False
42.2784 	EXP 	response: autoDraw = True
43.7645 	DATA 	Keypress: s
44.7801 	EXP 	window1: recordFrameIntervals = False
44.7824 	EXP 	response: autoDraw = False
44.7826 	EXP 	window1: recordFrameIntervals = False
47.7277 	EXP 	response: autoDraw = True
50.7617 	EXP 	window1: recordFrameIntervals = False
50.7626 	DATA 	Keypress: s
50.7644 	EXP 	response: autoDraw = False
50.7645 	EXP 	window1: recordFrameIntervals = False
53.2121 	DATA 	Keypress: d
53.7108 	EXP 	response: autoDraw = True
56.7790 	DATA 	Keypress: d
57.7948 	EXP 	window1: recordFrameIntervals = False
57.7976 	EXP 	response: autoDraw = False
57.7977 	EXP 	window1: recordFrameIntervals = False
60.7428 	EXP 	response: autoDraw = True
62.9445 	EXP 	window1: recordFrameIntervals = False
62.9468 	DATA 	Keypress: s
62.9484 	EXP 	response: autoDraw = False
62.9485 	EXP 	window1: recordFrameIntervals = False
65.8921 	EXP 	response: autoDraw = True
67.4106 	EXP 	window1: recordFrameIntervals = False
67.4115 	DATA 	Keypress: s
67.4135 	EXP 	response: autoDraw = False
67.4136 	EXP 	window1: recordFrameIntervals = False
69.6262 	DATA 	Keypress: d
70.3583 	EXP 	response: autoDraw = True
71.7767 	EXP 	window1: recordFrameIntervals = False
71.7777 	DATA 	Keypress: d
71.7795 	EXP 	response: autoDraw = False
71.7797 	EXP 	window1: recordFrameIntervals = False
74.7245 	EXP 	response: autoDraw = True
76.0935 	DATA 	Keypress: d
77.1093 	EXP 	window1: recordFrameIntervals = False
77.1118 	EXP 	response: autoDraw = False
77.1120 	EXP 	window1: recordFrameIntervals = False
80.0572 	EXP 	response: autoDraw = True
81.6259 	EXP 	window1: recordFrameIntervals = False
81.6268 	DATA 	Keypress: s
81.6283 	EXP 	response: autoDraw = False
81.6284 	EXP 	window1: recordFrameIntervals = False
84.5732 	EXP 	response: autoDraw = True
88.2077 	EXP 	window1: recordFrameIntervals = False
88.2084 	DATA 	Keypress: d
88.2103 	EXP 	response: autoDraw = False
88.2104 	EXP 	window1: recordFrameIntervals = False
91.1557 	EXP 	response: autoDraw = True
92.2570 	EXP 	window1: recordFrameIntervals = False
92.2578 	DATA 	Keypress: s
92.2596 	EXP 	response: autoDraw = False
92.2598 	EXP 	window1: recordFrameIntervals = False
95.2052 	EXP 	response: autoDraw = True
97.1393 	EXP 	window1: recordFrameIntervals = False
97.1401 	DATA 	Keypress: s
97.1420 	EXP 	response: autoDraw = False
97.1423 	EXP 	window1: recordFrameIntervals = False
100.0878 	EXP 	response: autoDraw = True
102.5221 	EXP 	window1: recordFrameIntervals = False
102.5230 	DATA 	Keypress: d
102.5247 	EXP 	response: autoDraw = False
102.5248 	EXP 	window1: recordFrameIntervals = False
105.4704 	EXP 	response: autoDraw = True
107.9215 	EXP 	window1: recordFrameIntervals = False
107.9223 	DATA 	Keypress: s
107.9238 	EXP 	response: autoDraw = False
107.9240 	EXP 	window1: recordFrameIntervals = False
110.8702 	EXP 	response: autoDraw = True
114.6386 	EXP 	window1: recordFrameIntervals = False
114.6393 	DATA 	Keypress: s
114.6412 	EXP 	response: autoDraw = False
114.6413 	EXP 	window1: recordFrameIntervals = False
117.1531 	DATA 	Keypress: s
117.5856 	EXP 	response: autoDraw = True
119.4371 	EXP 	window1: recordFrameIntervals = False
119.4380 	DATA 	Keypress: s
119.4397 	EXP 	response: autoDraw = False
119.4399 	EXP 	window1: recordFrameIntervals = False
122.3852 	EXP 	response: autoDraw = True
124.9684 	EXP 	window1: recordFrameIntervals = False
124.9692 	DATA 	Keypress: s
124.9707 	EXP 	response: autoDraw = False
124.9708 	EXP 	window1: recordFrameIntervals = False
127.9175 	EXP 	response: autoDraw = True
129.8861 	EXP 	window1: recordFrameIntervals = False
129.8870 	DATA 	Keypress: d
129.8886 	EXP 	response: autoDraw = False
129.8888 	EXP 	window1: recordFrameIntervals = False
132.8334 	EXP 	response: autoDraw = True
135.9522 	DATA 	Keypress: s
136.9683 	EXP 	window1: recordFrameIntervals = False
136.9704 	EXP 	response: autoDraw = False
136.9705 	EXP 	window1: recordFrameIntervals = False
138.5007 	DATA 	Keypress: escape
139.2582 	EXP 	window1: mouseVisible = True
