2.4192 	WARNING 	We strongly recommend you activate the PTB sound engine in PsychoPy prefs as the preferred audio engine. Its timing is vastly superior. Your prefs are currently set to use ['sounddevice', 'PTB', 'pyo', 'pygame'] (in that order).
16.2737 	WARNING 	User requested fullscreen with size [1024  768], but screen is actually [1920, 1080]. Using actual size
18.0367 	EXP 	Created window1 = Window(allowGUI=True, allowStencil=False, autoLog=True, backendConf=UNKNOWN, bitsMode=UNKNOWN, blendMode='avg', bpc=(8, 8, 8), color=array([0, 0, 0]), colorSpace='rgb', depthBits=8, fullscr=<method-wrapper '__getattribute__' of attributeSetter object at 0x000002D53470DF40>, gamma=None, gammaErrorPolicy='raise', lms=UNKNOWN, monitor=<psychopy.monitors.calibTools.Monitor object at 0x000002D535803C70>, multiSample=False, name='window1', numSamples=2, pos=(0, 0), screen=0, size=array([1920, 1080]), stencilBits=0, stereo=False, units='height', useFBO=True, useRetina=False, viewOri=0.0, viewPos=None, viewScale=None, waitBlanking=True, winType='pyglet')
18.0368 	EXP 	window1: mouseVisible = True
18.0369 	EXP 	window1: mouseVisible = False
18.0369 	EXP 	window1: Attempting to measure frame rate of screen (0) ...
18.0370 	EXP 	window1: recordFrameIntervals = False
18.2030 	EXP 	window1: recordFrameIntervals = True
18.3863 	EXP 	Screen (0) actual frame rate measured at 60.09Hz
18.3863 	EXP 	window1: recordFrameIntervals = False
21.1447 	EXP 	Created text = TextStim(__class__=<class 'psychopy.visual.text.TextStim'>, alignHoriz=method-wrapper(...), alignText='center', alignVert=method-wrapper(...), anchorHoriz='center', anchorVert='center', antialias=True, autoDraw=False, autoLog=True, bold=False, color=array([1, 1, 1]), colorSpace='rgb', contrast=1.0, depth=0.0, flipHoriz=False, flipVert=False, font='Open Sans', fontFiles=[], height=0.05, italic=False, languageStyle='LTR', name='text', opacity=1.0, ori=0.0, pos=array([0., 0.]), rgb=UNKNOWN, text=str(...), units='height', win=Window(...), wrapWidth=1)
21.7598 	EXP 	Created response = TextStim(__class__=<class 'psychopy.visual.text.TextStim'>, alignHoriz=method-wrapper(...), alignText='center', alignVert=method-wrapper(...), anchorHoriz='center', anchorVert='center', antialias=True, autoDraw=False, autoLog=True, bold=False, color=array([1, 1, 1]), colorSpace='rgb', contrast=1.0, depth=-3.0, flipHoriz=False, flipVert=False, font='Open Sans', fontFiles=[], height=0.05, italic=False, languageStyle='LTR', name='response', opacity=1.0, ori=0.0, pos=array([0., 0.]), rgb=UNKNOWN, text=str(...), units='height', win=Window(...), wrapWidth=1)
21.7690 	EXP 	Created thank = TextStim(__class__=<class 'psychopy.visual.text.TextStim'>, alignHoriz=method-wrapper(...), alignText='center', alignVert=method-wrapper(...), anchorHoriz='center', anchorVert='center', antialias=True, autoDraw=False, autoLog=True, bold=False, color=array([1, 1, 1]), colorSpace='rgb', contrast=1.0, depth=0.0, flipHoriz=False, flipVert=False, font='Open Sans', fontFiles=[], height=0.05, italic=False, languageStyle='LTR', name='thank', opacity=1.0, ori=0.0, pos=array([0., 0.]), rgb=UNKNOWN, text='Thank you for participating', units='height', win=Window(...), wrapWidth=1)
21.7766 	EXP 	text: autoDraw = True
23.5035 	WARNING 	Increasing number of minimum required reversals to the number of step sizes, (17).
24.7260 	EXP 	window1: recordFrameIntervals = False
24.7268 	DATA 	Keypress: space
24.7285 	EXP 	text: autoDraw = False
24.7287 	EXP 	window1: recordFrameIntervals = False
27.6685 	EXP 	response: autoDraw = True
30.7551 	EXP 	window1: recordFrameIntervals = False
30.7561 	DATA 	Keypress: s
30.7578 	EXP 	response: autoDraw = False
30.7579 	EXP 	window1: recordFrameIntervals = False
33.7007 	EXP 	response: autoDraw = True
40.2711 	EXP 	window1: recordFrameIntervals = False
40.2719 	DATA 	Keypress: s
40.2737 	EXP 	response: autoDraw = False
40.2738 	EXP 	window1: recordFrameIntervals = False
43.2164 	EXP 	response: autoDraw = True
45.7697 	EXP 	window1: recordFrameIntervals = False
45.7706 	DATA 	Keypress: s
45.7724 	EXP 	response: autoDraw = False
45.7725 	EXP 	window1: recordFrameIntervals = False
48.7157 	EXP 	response: autoDraw = True
50.4174 	DATA 	Keypress: escape
51.1560 	EXP 	window1: mouseVisible = True
